<?xml version="1.0" encoding="UTF-8"?>
<!-- Generated by org.testng.reporters.JUnitReportReporter -->
<testsuite skipped="0" hostname="Aayush" name="jenkins.test_jenkins" tests="1" failures="0" timestamp="01 Oct 2017 18:10:48 GMT" time="0.012" errors="0">
  <testcase name="test" time="0.012" classname="jenkins.test_jenkins"/>
</testsuite> <!-- jenkins.test_jenkins -->
